<?xml version="1.0" encoding="UTF-8"?>
<!-- Generated by org.testng.reporters.JUnitXMLReporter -->
<testsuite ignored="0" hostname="DESKTOP-MQI4FFU" failures="3" tests="6" name="Command line test" time="0.061" errors="0" timestamp="2023-04-11T12:24:09 IST">
  <testcase classname="ExampleTest" name="testAssertEquals" time="0.005"/>
  <testcase classname="ExampleTest" name="testAssertEqualsFailure" time="0.007">
    <failure type="java.lang.AssertionError" message="The expected value is not equal to the actual value expected [10] but found [20]">
      <![CDATA[java.lang.AssertionError: The expected value is not equal to the actual value expected [10] but found [20]
at ExampleTest.testAssertEqualsFailure(ExampleTest.java:37)
at java.base/java.util.ArrayList.forEach(ArrayList.java:1511)
... Removed 41 stack frames]]>
    </failure>
  </testcase> <!-- testAssertEqualsFailure -->
  <testcase classname="ExampleTest" name="testAssertFalse" time="0.0"/>
  <testcase classname="ExampleTest" name="testAssertFalseFailure" time="0.0">
    <failure type="java.lang.AssertionError" message="The value should be false expected [false] but found [true]">
      <![CDATA[java.lang.AssertionError: The value should be false expected [false] but found [true]
at ExampleTest.testAssertFalseFailure(ExampleTest.java:60)
at java.base/java.util.ArrayList.forEach(ArrayList.java:1511)
... Removed 39 stack frames]]>
    </failure>
  </testcase> <!-- testAssertFalseFailure -->
  <testcase classname="ExampleTest" name="testAssertTrue" time="0.0"/>
  <testcase classname="ExampleTest" name="testAssertTrueFailure" time="0.001">
    <failure type="java.lang.AssertionError" message="The value should be true. expected [true] but found [false]">
      <![CDATA[java.lang.AssertionError: The value should be true. expected [true] but found [false]
at ExampleTest.testAssertTrueFailure(ExampleTest.java:48)
at java.base/java.util.ArrayList.forEach(ArrayList.java:1511)
... Removed 39 stack frames]]>
    </failure>
  </testcase> <!-- testAssertTrueFailure -->
</testsuite> <!-- Command line test -->
