<?xml version="1.0" encoding="UTF-8"?>
<!-- Generated by org.testng.reporters.JUnitXMLReporter -->
<testsuite ignored="0" hostname="DESKTOP-MQI4FFU" failures="0" tests="8" name="Command line test" time="0.041" errors="0" timestamp="2023-04-12T17:14:28 IST">
  <testcase classname="TestDatabase" name="testConnectMongoDB" time="0.001"/>
  <testcase classname="TestDatabase" name="testConnectMsSQL" time="0.0"/>
  <testcase classname="TestDatabase" name="testConnectMySQL" time="0.001"/>
  <testcase classname="TestDatabase" name="testConnectOracle" time="0.0"/>
  <testcase classname="TestOrder" name="testFindOrder" time="0.0"/>
  <testcase classname="TestOrder" name="testMakeEmptyOrder" time="0.0"/>
  <testcase classname="TestOrder" name="testMakeOrder" time="0.0"/>
  <testcase classname="TestOrder" name="testUpdateOrder" time="0.0"/>
</testsuite> <!-- Command line test -->
