<?xml version="1.0" encoding="UTF-8"?>
<testng-results ignored="0" total="1" passed="1" failed="0" skipped="0">
  <reporter-output>
  </reporter-output>
  <suite started-at="2023-04-12T12:27:44 IST" name="UserRegistrationTest" finished-at="2023-04-12T12:27:44 IST" duration-ms="40">
    <groups>
    </groups>
    <test started-at="2023-04-12T12:27:44 IST" name="Command line test" finished-at="2023-04-12T12:27:44 IST" duration-ms="40">
      <class name="UserRegistrationTest">
        <test-method signature="verifyUserRegistrationFunctionality()[pri:0, instance:UserRegistrationTest@51bd8b5c]" started-at="2023-04-12T12:27:44 IST" name="verifyUserRegistrationFunctionality" finished-at="2023-04-12T12:27:44 IST" duration-ms="7" status="PASS">
          <reporter-output>
          </reporter-output>
        </test-method> <!-- verifyUserRegistrationFunctionality -->
      </class> <!-- UserRegistrationTest -->
    </test> <!-- Command line test -->
  </suite> <!-- UserRegistrationTest -->
</testng-results>
