<?xml version="1.0" encoding="UTF-8"?>
<testng-results ignored="0" total="3" passed="3" failed="0" skipped="0">
  <reporter-output>
  </reporter-output>
  <suite started-at="2023-04-12T12:55:55 IST" name="SampleTest" finished-at="2023-04-12T12:55:55 IST" duration-ms="51">
    <groups>
      <group name="regression">
        <method signature="SampleTest.testAddition()[pri:0, instance:SampleTest@1b410b60]" name="testAddition" class="SampleTest"/>
        <method signature="SampleTest.testSearch()[pri:0, instance:SampleTest@1b410b60]" name="testSearch" class="SampleTest"/>
      </group> <!-- regression -->
      <group name="smoke">
        <method signature="SampleTest.testLogin()[pri:0, instance:SampleTest@1b410b60]" name="testLogin" class="SampleTest"/>
        <method signature="SampleTest.testSearch()[pri:0, instance:SampleTest@1b410b60]" name="testSearch" class="SampleTest"/>
      </group> <!-- smoke -->
    </groups>
    <test started-at="2023-04-12T12:55:55 IST" name="Command line test" finished-at="2023-04-12T12:55:55 IST" duration-ms="51">
      <class name="SampleTest">
        <test-method signature="testAddition()[pri:0, instance:SampleTest@1b410b60]" started-at="2023-04-12T12:55:55 IST" name="testAddition" finished-at="2023-04-12T12:55:55 IST" duration-ms="5" status="PASS">
          <reporter-output>
          </reporter-output>
        </test-method> <!-- testAddition -->
        <test-method signature="testLogin()[pri:0, instance:SampleTest@1b410b60]" started-at="2023-04-12T12:55:55 IST" name="testLogin" finished-at="2023-04-12T12:55:55 IST" duration-ms="0" status="PASS">
          <reporter-output>
          </reporter-output>
        </test-method> <!-- testLogin -->
        <test-method signature="testSearch()[pri:0, instance:SampleTest@1b410b60]" started-at="2023-04-12T12:55:55 IST" name="testSearch" finished-at="2023-04-12T12:55:55 IST" duration-ms="0" status="PASS">
          <reporter-output>
          </reporter-output>
        </test-method> <!-- testSearch -->
      </class> <!-- SampleTest -->
    </test> <!-- Command line test -->
  </suite> <!-- SampleTest -->
</testng-results>
