<?xml version="1.0" encoding="UTF-8"?>
<!-- Generated by org.testng.reporters.JUnitXMLReporter -->
<testsuite ignored="0" hostname="DESKTOP-MQI4FFU" failures="0" tests="6" name="Command line test" time="0.044" errors="0" timestamp="2023-04-11T17:46:33 IST">
  <testcase classname="Googletest.GmailTest" name="LoginTest" time="0.004"/>
  <testcase classname="Googletest.GmailTest" name="LogoutTest" time="0.001"/>
  <testcase classname="Googletest.ImagesTest" name="AddImagesTest" time="0.0"/>
  <testcase classname="Googletest.ImagesTest" name="DeleteImagesTest" time="0.0"/>
  <testcase classname="Googletest.MapsTest" name="AddMapsTest" time="0.0"/>
  <testcase classname="Googletest.MapsTest" name="DeleteMapsTest" time="0.0"/>
</testsuite> <!-- Command line test -->
