<?xml version="1.0" encoding="UTF-8"?>
<!-- Generated by org.testng.reporters.JUnitXMLReporter -->
<testsuite ignored="18" hostname="DESKTOP-MQI4FFU" failures="0" tests="3" name="smokeTest" time="0.03" errors="0" timestamp="2023-04-13T13:42:16 IST">
  <testcase classname="ExampleTests" name="smokeTest" time="0.001"/>
  <testcase classname="ExampleTests" name="smokeTest" time="0.0"/>
  <testcase classname="ExampleTests" name="smokeTest" time="0.0"/>
  <testcase classname="ExampleTests" name="regressionTest" time="0.0">
    <ignored/>
  </testcase> <!-- regressionTest -->
  <testcase classname="ExampleTests" name="regressionTest" time="0.0">
    <ignored/>
  </testcase> <!-- regressionTest -->
  <testcase classname="ExampleTests" name="ignoreTest" time="0.0">
    <ignored/>
  </testcase> <!-- ignoreTest -->
  <testcase classname="ExampleTests" name="parameterizedTest" time="0.0">
    <ignored/>
  </testcase> <!-- parameterizedTest -->
  <testcase classname="ExampleTests" name="exceptionTest" time="0.0">
    <ignored/>
  </testcase> <!-- exceptionTest -->
  <testcase classname="ExampleTests" name="dependentTest" time="0.0">
    <ignored/>
  </testcase> <!-- dependentTest -->
  <testcase classname="ExampleTests" name="acceptanceTest" time="0.0">
    <ignored/>
  </testcase> <!-- acceptanceTest -->
  <testcase classname="ExampleTests" name="dependentTest" time="0.0">
    <ignored/>
  </testcase> <!-- dependentTest -->
  <testcase classname="ExampleTests" name="exceptionTest" time="0.0">
    <ignored/>
  </testcase> <!-- exceptionTest -->
  <testcase classname="ExampleTests" name="acceptanceTest" time="0.0">
    <ignored/>
  </testcase> <!-- acceptanceTest -->
  <testcase classname="ExampleTests" name="parameterizedTest" time="0.0">
    <ignored/>
  </testcase> <!-- parameterizedTest -->
  <testcase classname="ExampleTests" name="ignoreTest" time="0.0">
    <ignored/>
  </testcase> <!-- ignoreTest -->
  <testcase classname="ExampleTests" name="ignoreTest" time="0.0">
    <ignored/>
  </testcase> <!-- ignoreTest -->
  <testcase classname="ExampleTests" name="regressionTest" time="0.0">
    <ignored/>
  </testcase> <!-- regressionTest -->
  <testcase classname="ExampleTests" name="exceptionTest" time="0.0">
    <ignored/>
  </testcase> <!-- exceptionTest -->
  <testcase classname="ExampleTests" name="acceptanceTest" time="0.0">
    <ignored/>
  </testcase> <!-- acceptanceTest -->
  <testcase classname="ExampleTests" name="parameterizedTest" time="0.0">
    <ignored/>
  </testcase> <!-- parameterizedTest -->
  <testcase classname="ExampleTests" name="dependentTest" time="0.0">
    <ignored/>
  </testcase> <!-- dependentTest -->
</testsuite> <!-- smokeTest -->
