<?xml version="1.0" encoding="UTF-8"?>
<!-- Generated by org.testng.reporters.JUnitXMLReporter -->
<testsuite ignored="0" hostname="DESKTOP-MQI4FFU" failures="0" tests="3" name="Command line test" time="0.051" errors="0" timestamp="2023-04-12T12:55:55 IST">
  <testcase classname="SampleTest" name="testAddition" time="0.005"/>
  <testcase classname="SampleTest" name="testLogin" time="0.0"/>
  <testcase classname="SampleTest" name="testSearch" time="0.0"/>
</testsuite> <!-- Command line test -->
