<?xml version="1.0" encoding="UTF-8"?>
<testng-results ignored="0" total="2" passed="2" failed="0" skipped="0">
  <reporter-output>
  </reporter-output>
  <suite started-at="2023-04-10T15:07:48 IST" name="Command line suite" finished-at="2023-04-10T15:07:48 IST" duration-ms="45">
    <groups>
    </groups>
    <test started-at="2023-04-10T15:07:48 IST" name="Command line test" finished-at="2023-04-10T15:07:48 IST" duration-ms="45">
      <class name="AppTest">
        <test-method signature="helloWorld()[pri:0, instance:AppTest@64e7619d]" started-at="2023-04-10T15:07:48 IST" name="helloWorld" finished-at="2023-04-10T15:07:48 IST" duration-ms="3" status="PASS">
          <reporter-output>
          </reporter-output>
        </test-method> <!-- helloWorld -->
      </class> <!-- AppTest -->
      <class name="Annotations.AllAnnotationsTest">
        <test-method is-config="true" signature="beforeSuite()[pri:0, instance:Annotations.AllAnnotationsTest@2a7ed1f]" started-at="2023-04-10T15:07:48 IST" name="beforeSuite" finished-at="2023-04-10T15:07:48 IST" duration-ms="9" status="PASS">
          <reporter-output>
          </reporter-output>
        </test-method> <!-- beforeSuite -->
        <test-method is-config="true" signature="beforeTest()[pri:0, instance:Annotations.AllAnnotationsTest@2a7ed1f]" started-at="2023-04-10T15:07:48 IST" name="beforeTest" finished-at="2023-04-10T15:07:48 IST" duration-ms="0" status="PASS">
          <reporter-output>
          </reporter-output>
        </test-method> <!-- beforeTest -->
        <test-method is-config="true" signature="beforeClass()[pri:0, instance:Annotations.AllAnnotationsTest@2a7ed1f]" started-at="2023-04-10T15:07:48 IST" name="beforeClass" finished-at="2023-04-10T15:07:48 IST" duration-ms="1" status="PASS">
          <reporter-output>
          </reporter-output>
        </test-method> <!-- beforeClass -->
        <test-method is-config="true" signature="beforeMethod()[pri:0, instance:Annotations.AllAnnotationsTest@2a7ed1f]" started-at="2023-04-10T15:07:48 IST" name="beforeMethod" finished-at="2023-04-10T15:07:48 IST" duration-ms="0" status="PASS">
          <reporter-output>
          </reporter-output>
        </test-method> <!-- beforeMethod -->
        <test-method signature="hello()[pri:0, instance:Annotations.AllAnnotationsTest@2a7ed1f]" started-at="2023-04-10T15:07:48 IST" name="hello" finished-at="2023-04-10T15:07:48 IST" duration-ms="1" status="PASS">
          <reporter-output>
          </reporter-output>
        </test-method> <!-- hello -->
        <test-method is-config="true" signature="afterMethod()[pri:0, instance:Annotations.AllAnnotationsTest@2a7ed1f]" started-at="2023-04-10T15:07:48 IST" name="afterMethod" finished-at="2023-04-10T15:07:48 IST" duration-ms="1" status="PASS">
          <reporter-output>
          </reporter-output>
        </test-method> <!-- afterMethod -->
        <test-method is-config="true" signature="afterClass()[pri:0, instance:Annotations.AllAnnotationsTest@2a7ed1f]" started-at="2023-04-10T15:07:48 IST" name="afterClass" finished-at="2023-04-10T15:07:48 IST" duration-ms="0" status="PASS">
          <reporter-output>
          </reporter-output>
        </test-method> <!-- afterClass -->
        <test-method is-config="true" signature="afterTest()[pri:0, instance:Annotations.AllAnnotationsTest@2a7ed1f]" started-at="2023-04-10T15:07:48 IST" name="afterTest" finished-at="2023-04-10T15:07:48 IST" duration-ms="0" status="PASS">
          <reporter-output>
          </reporter-output>
        </test-method> <!-- afterTest -->
        <test-method is-config="true" signature="afterSuite()[pri:0, instance:Annotations.AllAnnotationsTest@2a7ed1f]" started-at="2023-04-10T15:07:48 IST" name="afterSuite" finished-at="2023-04-10T15:07:48 IST" duration-ms="0" status="PASS">
          <reporter-output>
          </reporter-output>
        </test-method> <!-- afterSuite -->
      </class> <!-- Annotations.AllAnnotationsTest -->
    </test> <!-- Command line test -->
  </suite> <!-- Command line suite -->
</testng-results>
