<?xml version="1.0" encoding="UTF-8"?>
<testng-results ignored="0" total="1" passed="1" failed="0" skipped="0">
  <reporter-output>
  </reporter-output>
  <suite started-at="2023-04-12T11:36:59 IST" name="LoginTest" finished-at="2023-04-12T11:36:59 IST" duration-ms="48">
    <groups>
    </groups>
    <test started-at="2023-04-12T11:36:59 IST" name="Command line test" finished-at="2023-04-12T11:36:59 IST" duration-ms="48">
      <class name="LoginTest">
        <test-method signature="verifyLoginFunctionality()[pri:0, instance:LoginTest@51bd8b5c]" started-at="2023-04-12T11:36:59 IST" name="verifyLoginFunctionality" finished-at="2023-04-12T11:36:59 IST" duration-ms="6" status="PASS">
          <reporter-output>
          </reporter-output>
        </test-method> <!-- verifyLoginFunctionality -->
      </class> <!-- LoginTest -->
    </test> <!-- Command line test -->
  </suite> <!-- LoginTest -->
</testng-results>
